screens/ActiveGamesScreen.js: React
screens/AdminReviewScreen.js: React
screens/ChatScreen.js: React
screens/CommunityScreen.js: React, PropTypes
screens/EditProfileScreen.js: React, allGames
screens/EmailAuthScreen.js: React
screens/GameInviteScreen.js: React, GradientButton
screens/GameSessionScreen.js: React
screens/GameWithBotScreen.js: React
screens/GroupChat.js: React
screens/HomeScreen.js: React, games
screens/LikedYouScreen.js: React, TouchableOpacity
screens/MatchesScreen.js: React
screens/NotificationsScreen.js: React
screens/OnboardingScreen.js: React, PropTypes, allGames
screens/PhoneVerificationScreen.js: React
screens/PlayScreen.js: React
screens/PremiumPaywallScreen.js: React, View
screens/PremiumScreen.js: React
screens/PrivateChat.js: React
screens/ProfileScreen.js: React
screens/SettingsScreen.js: React
screens/SplashScreen.js: React
screens/StatsScreen.js: React
screens/SwipeScreen.js: React, HEADER_SPACING, PropTypes
screens/UpdateScreen.js: React
screens/VerifyHumanScreen.js: React
components/ActiveGamesPreview.js: React, TouchableOpacity
components/ArcadeGameWrapper.js: React
components/AvatarRing.js: React
components/BoostModal.js: React
components/Card.js: React
components/CategoryChips.js: React
components/ChatContainer.js: React
components/CountdownRing.js: React
components/DevBanner.js: React, View, PropTypes
components/DevPanel.js: React
components/EmptyState.js: React
components/EventBanner.js: React, PropTypes
components/EventFlyer.js: React
components/FavoriteStar.js: React
components/FilterTabs.js: React
components/FullProfileModal.js: React
components/GameCard.js: React
components/GameCardBase.js: React
components/GameContainer.js: React
components/GameFilters.js: React
components/GameMenu.js: React
components/GameOverModal.js: React
components/GamePickerModal.js: React
components/GamePreviewModal.js: React
components/GameSelectList.js: React
components/GradientBackground.js: React
components/GradientButton.tsx: type { StyleProp
components/InviteUserCard.js: React
components/Loader.js: React
components/LoadingOverlay.js: React
components/LocationInfoModal.js: React
components/MatchesPreview.js: React
components/MultiSelectList.js: React
components/NotificationCenter.js: React
components/PlayerInfoBar.js: React
components/PremiumBadge.js: React
components/PremiumBanner.js: React
components/ProgressBar.js: React
components/SafeKeyboardView.js: React
components/ScreenContainer.js: React
components/SearchInput.js: React
components/SkeletonPlaceholder.js: React
components/SkeletonUserCard.js: React, PropTypes
components/StreakRewardModal.js: React
components/SyncedGame.js: React
components/TrendingBadge.js: React
components/VoiceMessageBubble.js: React
components/XpInfoModal.js: React
